INFO: [VRFC 10-2263] Analyzing Verilog file "C:/VivadoWorks/HardwareDesign/rtl/defines.vh" into library xil_defaultlib
INFO: [VRFC 10-2263] Analyzing Verilog file "C:/VivadoWorks/HardwareDesign/lab_4/lab_4.srcs/sources_1/ip/data_mem_1/sim/data_mem.v" into library xil_defaultlib
INFO: [VRFC 10-311] analyzing module data_mem
INFO: [VRFC 10-2263] Analyzing Verilog file "C:/VivadoWorks/HardwareDesign/lab_4/lab_4.srcs/sources_1/ip/inst_mem_1/sim/inst_mem.v" into library xil_defaultlib
INFO: [VRFC 10-311] analyzing module inst_mem
INFO: [VRFC 10-2263] Analyzing Verilog file "C:/VivadoWorks/HardwareDesign/rtl/adder.v" into library xil_defaultlib
INFO: [VRFC 10-311] analyzing module adder
INFO: [VRFC 10-2263] Analyzing Verilog file "C:/VivadoWorks/HardwareDesign/rtl/alu.v" into library xil_defaultlib
INFO: [VRFC 10-311] analyzing module alu
INFO: [VRFC 10-2263] Analyzing Verilog file "C:/VivadoWorks/HardwareDesign/rtl/aludec.v" into library xil_defaultlib
INFO: [VRFC 10-311] analyzing module aludec
INFO: [VRFC 10-2263] Analyzing Verilog file "C:/VivadoWorks/HardwareDesign/rtl/controller.v" into library xil_defaultlib
INFO: [VRFC 10-311] analyzing module controller
INFO: [VRFC 10-2263] Analyzing Verilog file "C:/VivadoWorks/HardwareDesign/rtl/datapath.v" into library xil_defaultlib
INFO: [VRFC 10-311] analyzing module datapath
INFO: [VRFC 10-2263] Analyzing Verilog file "C:/VivadoWorks/HardwareDesign/rtl/eqcmp.v" into library xil_defaultlib
INFO: [VRFC 10-311] analyzing module eqcmp
INFO: [VRFC 10-2263] Analyzing Verilog file "C:/VivadoWorks/HardwareDesign/rtl/flopenr.v" into library xil_defaultlib
INFO: [VRFC 10-311] analyzing module flopenr
INFO: [VRFC 10-2263] Analyzing Verilog file "C:/VivadoWorks/HardwareDesign/rtl/flopenrc.v" into library xil_defaultlib
INFO: [VRFC 10-311] analyzing module flopenrc
INFO: [VRFC 10-2263] Analyzing Verilog file "C:/VivadoWorks/HardwareDesign/rtl/flopr.v" into library xil_defaultlib
INFO: [VRFC 10-311] analyzing module flopr
INFO: [VRFC 10-2263] Analyzing Verilog file "C:/VivadoWorks/HardwareDesign/rtl/floprc.v" into library xil_defaultlib
INFO: [VRFC 10-311] analyzing module floprc
INFO: [VRFC 10-2263] Analyzing Verilog file "C:/VivadoWorks/HardwareDesign/rtl/hazard.v" into library xil_defaultlib
INFO: [VRFC 10-311] analyzing module hazard
INFO: [VRFC 10-2263] Analyzing Verilog file "C:/VivadoWorks/HardwareDesign/rtl/maindec.v" into library xil_defaultlib
INFO: [VRFC 10-311] analyzing module maindec
INFO: [VRFC 10-2263] Analyzing Verilog file "C:/VivadoWorks/HardwareDesign/rtl/mips.v" into library xil_defaultlib
INFO: [VRFC 10-311] analyzing module mips
INFO: [VRFC 10-2458] undeclared symbol branchD, assumed default net type wire [C:/VivadoWorks/HardwareDesign/rtl/mips.v:42]
INFO: [VRFC 10-2458] undeclared symbol jumpD, assumed default net type wire [C:/VivadoWorks/HardwareDesign/rtl/mips.v:42]
INFO: [VRFC 10-2263] Analyzing Verilog file "C:/VivadoWorks/HardwareDesign/rtl/mux2.v" into library xil_defaultlib
INFO: [VRFC 10-311] analyzing module mux2
INFO: [VRFC 10-2263] Analyzing Verilog file "C:/VivadoWorks/HardwareDesign/rtl/mux3.v" into library xil_defaultlib
INFO: [VRFC 10-311] analyzing module mux3
INFO: [VRFC 10-2263] Analyzing Verilog file "C:/VivadoWorks/HardwareDesign/rtl/pc.v" into library xil_defaultlib
INFO: [VRFC 10-311] analyzing module pc
INFO: [VRFC 10-2263] Analyzing Verilog file "C:/VivadoWorks/HardwareDesign/rtl/regfile.v" into library xil_defaultlib
INFO: [VRFC 10-311] analyzing module regfile
INFO: [VRFC 10-2263] Analyzing Verilog file "C:/VivadoWorks/HardwareDesign/rtl/signext.v" into library xil_defaultlib
INFO: [VRFC 10-311] analyzing module signext
INFO: [VRFC 10-2263] Analyzing Verilog file "C:/VivadoWorks/HardwareDesign/rtl/sl2.v" into library xil_defaultlib
INFO: [VRFC 10-311] analyzing module sl2
INFO: [VRFC 10-2263] Analyzing Verilog file "C:/VivadoWorks/HardwareDesign/rtl/top.v" into library xil_defaultlib
INFO: [VRFC 10-311] analyzing module top
INFO: [VRFC 10-2263] Analyzing Verilog file "C:/VivadoWorks/HardwareDesign/sim/testbench.v" into library xil_defaultlib
INFO: [VRFC 10-311] analyzing module testbench
